<?xml version="1.0" encoding="UTF-8"?>
<!-- Generated by org.testng.reporters.JUnitReportReporter -->
<testsuite hostname="DESKTOP-VKSQJFC" failures="0" tests="1" name="test.GitHubDeleteRepository" time="3.411" errors="0" timestamp="2024-01-05T08:02:02 IST" skipped="0">
  <testcase classname="test.GitHubDeleteRepository" name="deletePublicRepository" time="3.411"/>
</testsuite> <!-- test.GitHubDeleteRepository -->
