<?xml version="1.0" encoding="UTF-8"?>
<!-- Generated by org.testng.reporters.JUnitReportReporter -->
<testsuite hostname="DESKTOP-VKSQJFC" failures="0" tests="1" name="test.GitHubListRepository" time="2.550" errors="0" timestamp="2024-01-05T08:37:54 IST" skipped="0">
  <testcase classname="test.GitHubListRepository" name="listPublicRepository" time="2.550"/>
</testsuite> <!-- test.GitHubListRepository -->
