<?xml version="1.0" encoding="UTF-8"?>
<!-- Generated by org.testng.reporters.JUnitReportReporter -->
<testsuite hostname="DESKTOP-VKSQJFC" failures="0" tests="1" name="test.GitHubCreatePrivateRepository" time="2.799" errors="0" timestamp="2024-01-03T22:30:41 IST" skipped="0">
  <testcase classname="test.GitHubCreatePrivateRepository" name="githubCreatePrivateRepoDuplicateRepoName" time="2.799"/>
</testsuite> <!-- test.GitHubCreatePrivateRepository -->
