<?xml version="1.0" encoding="UTF-8"?>
<!-- Generated by org.testng.reporters.JUnitReportReporter -->
<testsuite hostname="DESKTOP-VKSQJFC" failures="0" tests="5" name="test.GitHubGetRepository" time="4.124" errors="0" timestamp="2024-01-02T09:05:09 IST" skipped="0">
  <testcase classname="test.GitHubGetRepository" name="gitHubGetPublicRepoInvalidOrg" time="0.650"/>
  <testcase classname="test.GitHubGetRepository" name="gitHubGetPrivateRepo" time="0.488"/>
  <testcase classname="test.GitHubGetRepository" name="gitHubGetInvalidPublicRepo" time="2.218"/>
  <testcase classname="test.GitHubGetRepository" name="gitHubGetPrivateRepoNoAuth" time="0.381"/>
  <testcase classname="test.GitHubGetRepository" name="gitHubGetPublicRepo" time="0.387"/>
</testsuite> <!-- test.GitHubGetRepository -->
