<?xml version="1.0" encoding="UTF-8"?>
<!-- Generated by org.testng.reporters.JUnitReportReporter -->
<testsuite hostname="DESKTOP-VKSQJFC" failures="0" tests="5" name="test.GitHubCreatePublicRepository" time="5.189" errors="0" timestamp="2024-01-03T20:30:28 IST" skipped="0">
  <testcase classname="test.GitHubCreatePublicRepository" name="githubCreatePublicRepoInvalidOrg" time="2.214"/>
  <testcase classname="test.GitHubCreatePublicRepository" name="githubCreateValidPublicDuplicateRepo" time="0.452"/>
  <testcase classname="test.GitHubCreatePublicRepository" name="githubCreateValidPublicRepoNoScopeAuth" time="0.375"/>
  <testcase classname="test.GitHubCreatePublicRepository" name="githubCreateValidPublicRepo" time="1.790"/>
  <testcase classname="test.GitHubCreatePublicRepository" name="githubCreatePublicRepoNoAuth" time="0.358"/>
</testsuite> <!-- test.GitHubCreatePublicRepository -->
