<?xml version="1.0" encoding="UTF-8"?>
<!-- Generated by org.testng.reporters.JUnitReportReporter -->
<testsuite hostname="DESKTOP-VKSQJFC" failures="0" tests="2" name="demo.ClassOne" time="0.016" errors="0" timestamp="2023-12-21T08:14:24 IST" skipped="0">
  <testcase classname="demo.ClassOne" name="testMethodTwo" time="0.014"/>
  <testcase classname="demo.ClassOne" name="testMethodOne" time="0.002"/>
  <system-out>
    <![CDATA[Create Repo]]>
  </system-out>
</testsuite> <!-- demo.ClassOne -->
