<?xml version="1.0" encoding="UTF-8"?>
<!-- Generated by org.testng.reporters.JUnitReportReporter -->
<testsuite hostname="DESKTOP-VKSQJFC" failures="0" tests="3" name="test.GitHubCreateRepository" time="3.341" errors="0" timestamp="2024-01-03T08:05:26 IST" skipped="0">
  <testcase classname="test.GitHubCreateRepository" name="githubCreatePublicRepo" time="0.939"/>
  <testcase classname="test.GitHubCreateRepository" name="githubCreatePrivateRepo" time="1.013"/>
  <testcase classname="test.GitHubCreateRepository" name="githubCreatePrivateRepoPojoTest" time="1.389"/>
</testsuite> <!-- test.GitHubCreateRepository -->
