<?xml version="1.0" encoding="UTF-8"?>
<!-- Generated by org.testng.reporters.JUnitReportReporter -->
<testsuite hostname="DESKTOP-VKSQJFC" failures="0" tests="2" name="demo.ClassTwo" time="0.003" errors="0" timestamp="2023-12-21T08:14:24 IST" skipped="0">
  <testcase classname="demo.ClassTwo" name="updateRepo" time="0.002"/>
  <testcase classname="demo.ClassTwo" name="deleteRepo" time="0.001"/>
  <system-out>
    <![CDATA[Create Repo]]>
  </system-out>
</testsuite> <!-- demo.ClassTwo -->
